<?xml version="1.0" encoding="UTF-8"?>
<!-- Generated by org.testng.reporters.JUnitReportReporter -->
<testsuite hostname="LAPTOP-6DHJKUJ7" failures="0" tests="3" name="TestNG_Depends" time="12.323" errors="0" timestamp="2022-07-03T17:06:48 EDT" skipped="0">
  <testcase classname="TestNG_Depends" name="login" time="3.784"/>
  <system-out/>
  <testcase classname="TestNG_Depends" name="logoTest" time="3.271"/>
  <system-out/>
  <testcase classname="TestNG_Depends" name="titleTest" time="5.268"/>
  <system-out/>
</testsuite> <!-- TestNG_Depends -->
